[LOG] Session log: C:\Users\linzh\Desktop\Final_Project\Communication_module\session_logs\pc_uart_ai_session_20260605_151321.log
[PC] Python executable: C:\Users\linzh\yolo_mvp\venv\Scripts\python.exe
[PC] argv: ['.\\Communication_module\\pc_ai_uart_service_version2.py']
[PC] TCP injection disabled
[AI] importing modules... please wait
[AI] import finished in 10.2s
[AI] loading model... please wait
[AI] loaded model in 0.1s: C:\Users\linzh\Desktop\Final_Project\runs_mvp\insect_det_v7_mvp3\weights\best.pt
[PC] Auto selected serial port: COM9
[PC] Opened COM9 @ 115200
[PC] Save dir: C:\Users\linzh\Desktop\Final_Project\Communication_module\reassembled_output
[PC] Waiting for MCU STANDBY...
[PC] HANDSHAKE RX: b'STANDBY\r\n'
[PC] STANDBY received
[PC] READY sent
[PC] Start receiving one image...
[PC] RX bytes=4096, buffer=4096
[PC] RX bytes=4096, buffer=4314
[PC] RX bytes=4096, buffer=4255
[PC] RX bytes=4096, buffer=4196
[PC] RX bytes=4096, buffer=4137
[PC] RX bytes=4096, buffer=4355
[PC] RX bytes=4096, buffer=4296
[PC] RX bytes=4096, buffer=4237
[PC] RX bytes=614, buffer=696
[PC] IMAGE COMPLETE: img_id=1, chunks=120, bytes=30602
[PC] image reassembled, save disabled
[PC_ACCOUNT] img_id=1 pc_received_len=30602 saved_file_size=DISABLED
[AI] enqueued img_id=1, bytes=30602[AI] start img_id=1, bytes=30602

[PC] Waiting for TX_DONE...
[PC][END] RX REQ seq=0 -> TX b'\xaaU\x01\x02\x00\x00\x04\x00\x00\x00BUSY6D\x0f\xf9U\xaa' (conf=0.00, last_img_id=1, cache_img_id=None)
[PC] END_HANDSHAKE RX: b'\xaaU\x01\x01\x00\x00\x01\x00\x00\x00?\xb0\xc2ddU\xaa'
[PC][END] RX REQ seq=0 -> TX b'\xaaU\x01\x02\x00\x00\x04\x00\x00\x00BUSY6D\x0f\xf9U\xaa' (conf=0.00, last_img_id=1, cache_img_id=None)
[PC] END_HANDSHAKE RX: b'\xaaU\x01\x01\x00\x00\x01\x00\x00\x00?\xb0\xc2ddU\xaa'
[PC][END] RX REQ seq=0 -> TX b'\xaaU\x01\x02\x00\x00\x04\x00\x00\x00BUSY6D\x0f\xf9U\xaa' (conf=0.00, last_img_id=1, cache_img_id=None)
[PC] END_HANDSHAKE RX: b'\xaaU\x01\x01\x00\x00\x01\x00\x00\x00?\xb0\xc2ddU\xaa'
[PC][END] RX REQ seq=0 -> TX b'\xaaU\x01\x02\x00\x00\x04\x00\x00\x00BUSY6D\x0f\xf9U\xaa' (conf=0.00, last_img_id=1, cache_img_id=None)
[PC] END_HANDSHAKE RX: b'\xaaU\x01\x01\x00\x00\x01\x00\x00\x00?\xb0\xc2ddU\xaa'
[PC][END] RX REQ seq=0 -> TX b'\xaaU\x01\x02\x00\x00\x04\x00\x00\x00BUSY6D\x0f\xf9U\xaa' (conf=0.00, last_img_id=1, cache_img_id=None)
[PC] END_HANDSHAKE RX: b'\xaaU\x01\x01\x00\x00\x01\x00\x00\x00?\xb0\xc2ddU\xaa'
[PC][END] RX REQ seq=0 -> TX b'\xaaU\x01\x02\x00\x00\x04\x00\x00\x00BUSY6D\x0f\xf9U\xaa' (conf=0.00, last_img_id=1, cache_img_id=None)
[PC] END_HANDSHAKE RX: b'\xaaU\x01\x01\x00\x00\x01\x00\x00\x00?\xb0\xc2ddU\xaa'
[PC][END] RX REQ seq=0 -> TX b'\xaaU\x01\x02\x00\x00\x04\x00\x00\x00BUSY6D\x0f\xf9U\xaa' (conf=0.00, last_img_id=1, cache_img_id=None)
[PC] END_HANDSHAKE RX: b'\xaaU\x01\x01\x00\x00\x01\x00\x00\x00?\xb0\xc2ddU\xaa'
[PC][END] RX REQ seq=0 -> TX b'\xaaU\x01\x02\x00\x00\x04\x00\x00\x00BUSY6D\x0f\xf9U\xaa' (conf=0.00, last_img_id=1, cache_img_id=None)
Results saved to [1mC:\Users\linzh\Desktop\Final_Project\Ai_module\ai_outputs\uart_ai_predict[0m
206 labels saved to C:\Users\linzh\Desktop\Final_Project\Ai_module\ai_outputs\uart_ai_predict\labels
[AI] updated img_id=1 -> NO conf=0.00 reason=NO: matched=0 < 1, max_conf=0.000, conf>=0.45
[AI] done img_id=1, result=NO, conf=0.00
[PC] END_HANDSHAKE RX: b'\xaaU\x01\x01\x00\x00\x01\x00\x00\x00?\xb0\xc2ddU\xaa'
[PC][END] RX REQ seq=0 -> TX b'\xaaU\x01\x02\x00\x00\x03\x00\x00\x00NO!L:\xcd\xbeU\xaa' (conf=0.00, last_img_id=1, cache_img_id=1)
[PC] END_HANDSHAKE RX: b'TX_DONE\r\n'
[ACCOUNT] MCU account missing
[PC] TX_DONE received
[PC] DONE_ACK sent
[PC] Transfer ended, waiting for next STANDBY...
[PC] Waiting for MCU STANDBY...
[PC] HANDSHAKE RX: b'STANDBY\r\n'
[PC] STANDBY received
[PC] READY sent
[PC] Start receiving one image...
[PC] RX bytes=4096, buffer=4096
[PC] RX bytes=4096, buffer=4314
[PC] RX bytes=4096, buffer=4255
[PC] RX bytes=4096, buffer=4196
[PC] RX bytes=4096, buffer=4137
[PC] RX bytes=4096, buffer=4355
[PC] RX bytes=4096, buffer=4296
[PC] RX bytes=4096, buffer=4237
[PC] IMAGE COMPLETE: img_id=2, chunks=118, bytes=30039
[PC] image reassembled, save disabled
[PC_ACCOUNT] img_id=2 pc_received_len=30039 saved_file_size=DISABLED
[AI] enqueued img_id=2, bytes=30039[AI] start img_id=2, bytes=30039

[PC] Waiting for TX_DONE...
Results saved to [1mC:\Users\linzh\Desktop\Final_Project\Ai_module\ai_outputs\uart_ai_predict[0m
206 labels saved to C:\Users\linzh\Desktop\Final_Project\Ai_module\ai_outputs\uart_ai_predict\labels
[AI] updated img_id=2 -> NO conf=0.00 reason=NO: matched=0 < 1, max_conf=0.000, conf>=0.45
[AI] done img_id=2, result=NO, conf=0.00
[PC] END_HANDSHAKE RX: b'\x00\x00?\xb0\xc2ddU\xaa'
[PC][END] RX REQ seq=1 -> TX b'\xaaU\x01\x02\x01\x00\x03\x00\x00\x00NO!L:\xcd\xbeU\xaa' (conf=0.00, last_img_id=2, cache_img_id=2)
[PC] END_HANDSHAKE RX: b'TX_DONE\r\n'
[ACCOUNT] MCU account missing
[PC] TX_DONE received
[PC] DONE_ACK sent
[PC] Transfer ended, waiting for next STANDBY...
[PC] Waiting for MCU STANDBY...
[PC] HANDSHAKE RX: b'STANDBY\r\n'
[PC] STANDBY received
[PC] READY sent
[PC] Start receiving one image...
[PC] RX bytes=4096, buffer=4096
[PC] RX bytes=4096, buffer=4314
[PC] RX bytes=4096, buffer=4255
[PC] RX bytes=4096, buffer=4196
[PC] RX bytes=4096, buffer=4137
[PC] RX bytes=4096, buffer=4355
[PC] RX bytes=4096, buffer=4296
[PC] RX bytes=4096, buffer=4237
[PC] RX bytes=496, buffer=578
[PC] IMAGE COMPLETE: img_id=3, chunks=120, bytes=30484
[PC] image reassembled, save disabled
[PC_ACCOUNT] img_id=3 pc_received_len=30484 saved_file_size=DISABLED
[AI] enqueued img_id=3, bytes=30484[AI] start img_id=3, bytes=30484

[PC] Waiting for TX_DONE...
[PC][END] RX REQ seq=2 -> TX b'\xaaU\x01\x02\x02\x00\x04\x00\x00\x00BUSY6D\x0f\xf9U\xaa' (conf=0.00, last_img_id=3, cache_img_id=2)
Results saved to [1mC:\Users\linzh\Desktop\Final_Project\Ai_module\ai_outputs\uart_ai_predict[0m
206 labels saved to C:\Users\linzh\Desktop\Final_Project\Ai_module\ai_outputs\uart_ai_predict\labels
[AI] updated img_id=3 -> NO conf=0.00 reason=NO: matched=0 < 1, max_conf=0.000, conf>=0.45
[AI] done img_id=3, result=NO, conf=0.00
[PC] END_HANDSHAKE RX: b'\xaaU\x01\x01\x02\x00\x01\x00\x00\x00?\xb0\xc2ddU\xaa'
[PC][END] RX REQ seq=2 -> TX b'\xaaU\x01\x02\x02\x00\x03\x00\x00\x00NO!L:\xcd\xbeU\xaa' (conf=0.00, last_img_id=3, cache_img_id=3)
[PC] END_HANDSHAKE RX: b'TX_DONE\r\n'
[ACCOUNT] MCU account missing
[PC] TX_DONE received
[PC] DONE_ACK sent
[PC] Transfer ended, waiting for next STANDBY...
[PC] Waiting for MCU STANDBY...
