[LOG] Session log: C:\Users\linzh\Desktop\Final_Project\Communication_module\session_logs\pc_uart_ai_session_20260605_150515.log
[PC] Python executable: C:\Users\linzh\yolo_mvp\venv\Scripts\python.exe
[AI] importing modules... please wait
[AI] import finished in 7.5s
[AI] loading model... please wait
[AI] loaded model in 0.1s: C:\Users\linzh\Desktop\Final_Project\runs_mvp\insect_det_v7_mvp3\weights\best.pt
[PC] Auto selected serial port: COM9
[PC] Opened COM9 @ 115200
[PC] Save dir: C:\Users\linzh\Desktop\Final_Project\Communication_module\reassembled_output
[PC] Waiting for MCU STANDBY...
[PC] HANDSHAKE RX: b'STANDBY\r\n'
[PC] STANDBY received
[PC] READY sent
[PC] Start receiving one image...
[PC] RX bytes=4096, buffer=4096
[PC] RX bytes=4096, buffer=4314
[PC] RX bytes=4096, buffer=4255
[PC] RX bytes=4096, buffer=4196
[PC] RX bytes=4096, buffer=4137
[PC] RX bytes=4096, buffer=4355
[PC] RX bytes=4096, buffer=4296
[PC] RX bytes=4096, buffer=4237
[PC] RX bytes=538, buffer=620
[PC] IMAGE COMPLETE: img_id=1, chunks=120, bytes=30526
[PC] image reassembled, save disabled
[PC_ACCOUNT] img_id=1 pc_received_len=30526 saved_file_size=DISABLED
[AI] enqueued img_id=1, bytes=30526[AI] start img_id=1, bytes=30526

[PC] Waiting for TX_DONE...
[PC][END] RX REQ seq=0 -> TX b'\xaaU\x01\x02\x00\x00\x04\x00\x00\x00BUSY6D\x0f\xf9U\xaa' (conf=0.00, last_img_id=1, cache_img_id=None)
[PC] END_HANDSHAKE RX: b'\xaaU\x01\x01\x00\x00\x01\x00\x00\x00?\xb0\xc2ddU\xaa'
[PC][END] RX REQ seq=0 -> TX b'\xaaU\x01\x02\x00\x00\x04\x00\x00\x00BUSY6D\x0f\xf9U\xaa' (conf=0.00, last_img_id=1, cache_img_id=None)
[PC] END_HANDSHAKE RX: b'\xaaU\x01\x01\x00\x00\x01\x00\x00\x00?\xb0\xc2ddU\xaa'
[PC][END] RX REQ seq=0 -> TX b'\xaaU\x01\x02\x00\x00\x04\x00\x00\x00BUSY6D\x0f\xf9U\xaa' (conf=0.00, last_img_id=1, cache_img_id=None)
[PC] END_HANDSHAKE RX: b'\xaaU\x01\x01\x00\x00\x01\x00\x00\x00?\xb0\xc2ddU\xaa'
[PC][END] RX REQ seq=0 -> TX b'\xaaU\x01\x02\x00\x00\x04\x00\x00\x00BUSY6D\x0f\xf9U\xaa' (conf=0.00, last_img_id=1, cache_img_id=None)
[PC] END_HANDSHAKE RX: b'\xaaU\x01\x01\x00\x00\x01\x00\x00\x00?\xb0\xc2ddU\xaa'
[PC][END] RX REQ seq=0 -> TX b'\xaaU\x01\x02\x00\x00\x04\x00\x00\x00BUSY6D\x0f\xf9U\xaa' (conf=0.00, last_img_id=1, cache_img_id=None)
[PC] END_HANDSHAKE RX: b'\xaaU\x01\x01\x00\x00\x01\x00\x00\x00?\xb0\xc2ddU\xaa'
[PC][END] RX REQ seq=0 -> TX b'\xaaU\x01\x02\x00\x00\x04\x00\x00\x00BUSY6D\x0f\xf9U\xaa' (conf=0.00, last_img_id=1, cache_img_id=None)
[PC] END_HANDSHAKE RX: b'\xaaU\x01\x01\x00\x00\x01\x00\x00\x00?\xb0\xc2ddU\xaa'
[PC][END] RX REQ seq=0 -> TX b'\xaaU\x01\x02\x00\x00\x04\x00\x00\x00BUSY6D\x0f\xf9U\xaa' (conf=0.00, last_img_id=1, cache_img_id=None)
[PC] END_HANDSHAKE RX: b'\xaaU\x01\x01\x00\x00\x01\x00\x00\x00?\xb0\xc2ddU\xaa'
[PC][END] RX REQ seq=0 -> TX b'\xaaU\x01\x02\x00\x00\x04\x00\x00\x00BUSY6D\x0f\xf9U\xaa' (conf=0.00, last_img_id=1, cache_img_id=None)
[PC] END_HANDSHAKE RX: b'\xaaU\x01\x01\x00\x00\x01\x00\x00\x00?\xb0\xc2ddU\xaa'
[PC][END] RX REQ seq=0 -> TX b'\xaaU\x01\x02\x00\x00\x04\x00\x00\x00BUSY6D\x0f\xf9U\xaa' (conf=0.00, last_img_id=1, cache_img_id=None)
Results saved to [1mC:\Users\linzh\Desktop\Final_Project\Ai_module\ai_outputs\uart_ai_predict[0m
206 labels saved to C:\Users\linzh\Desktop\Final_Project\Ai_module\ai_outputs\uart_ai_predict\labels
[AI] updated img_id=1 -> NO conf=0.00 reason=NO: matched=0 < 1, max_conf=0.000, conf>=0.45
[AI] done img_id=1, result=NO, conf=0.00
[PC] END_HANDSHAKE RX: b'\xaaU\x01\x01\x00\x00\x01\x00\x00\x00?\xb0\xc2ddU\xaa'
[PC][END] RX REQ seq=0 -> TX b'\xaaU\x01\x02\x00\x00\x03\x00\x00\x00NO!L:\xcd\xbeU\xaa' (conf=0.00, last_img_id=1, cache_img_id=1)
[PC] END_HANDSHAKE RX: b'TX_DONE\r\n'
[ACCOUNT] MCU account missing
[PC] TX_DONE received
[PC] DONE_ACK sent
[PC] Transfer ended, waiting for next STANDBY...
[PC] Waiting for MCU STANDBY...
[PC] HANDSHAKE RX: b'STANDBY\r\n'
[PC] STANDBY received
[PC] READY sent
[PC] Start receiving one image...
[PC] RX bytes=4096, buffer=4096
[PC] RX bytes=4096, buffer=4314
[PC] RX bytes=4096, buffer=4255
[PC] RX bytes=4096, buffer=4196
[PC] RX bytes=4096, buffer=4137
[PC] RX bytes=4096, buffer=4355
[PC] RX bytes=4096, buffer=4296
[PC] RX bytes=4096, buffer=4237
[PC] RX bytes=417, buffer=499
[PC] IMAGE COMPLETE: img_id=2, chunks=119, bytes=30426
[PC] image reassembled, save disabled
[PC_ACCOUNT] img_id=2 pc_received_len=30426 saved_file_size=DISABLED
[AI] enqueued img_id=2, bytes=30426[AI] start img_id=2, bytes=30426

[PC] Waiting for TX_DONE...
[PC][END] RX REQ seq=1 -> TX b'\xaaU\x01\x02\x01\x00\x04\x00\x00\x00BUSY6D\x0f\xf9U\xaa' (conf=0.00, last_img_id=2, cache_img_id=1)
Results saved to [1mC:\Users\linzh\Desktop\Final_Project\Ai_module\ai_outputs\uart_ai_predict[0m
206 labels saved to C:\Users\linzh\Desktop\Final_Project\Ai_module\ai_outputs\uart_ai_predict\labels
[AI] updated img_id=2 -> NO conf=0.00 reason=NO: matched=0 < 1, max_conf=0.000, conf>=0.45
[AI] done img_id=2, result=NO, conf=0.00
[PC] END_HANDSHAKE RX: b'\xaaU\x01\x01\x01\x00\x01\x00\x00\x00?\xb0\xc2ddU\xaa'
[PC][END] RX REQ seq=1 -> TX b'\xaaU\x01\x02\x01\x00\x03\x00\x00\x00NO!L:\xcd\xbeU\xaa' (conf=0.00, last_img_id=2, cache_img_id=2)
[PC] END_HANDSHAKE RX: b'TX_DONE\r\n'
[ACCOUNT] MCU account missing
[PC] TX_DONE received
[PC] DONE_ACK sent
[PC] Transfer ended, waiting for next STANDBY...
[PC] Waiting for MCU STANDBY...
[PC] HANDSHAKE RX: b'STANDBY\r\n'
[PC] STANDBY received
[PC] READY sent
[PC] Start receiving one image...
[PC] RX bytes=4096, buffer=4096
[PC] RX bytes=4096, buffer=4314
[PC] RX bytes=4096, buffer=4255
[PC] RX bytes=4096, buffer=4196
[PC] RX bytes=4096, buffer=4137
[PC] RX bytes=4096, buffer=4355
[PC] RX bytes=4096, buffer=4296
[PC] RX bytes=4096, buffer=4237
[PC] IMAGE COMPLETE: img_id=3, chunks=119, bytes=30244
[PC] image reassembled, save disabled
[PC_ACCOUNT] img_id=3 pc_received_len=30244 saved_file_size=DISABLED
[AI] enqueued img_id=3, bytes=30244[AI] start img_id=3, bytes=30244

[PC] Waiting for TX_DONE...
[PC] END_HANDSHAKE RX: b' error=0 timeout=0 soi=0 eoi=30242 jpg_len=30244\r\n[MCU_ACCOUNT] img_id=3 capture_len=30244 tx_len=30244 tx_status=0 mode=1 wait='
Results saved to [1mC:\Users\linzh\Desktop\Final_Project\Ai_module\ai_outputs\uart_ai_predict[0m
206 labels saved to C:\Users\linzh\Desktop\Final_Project\Ai_module\ai_outputs\uart_ai_predict\labels
[AI] updated img_id=3 -> NO conf=0.00 reason=NO: matched=0 < 1, max_conf=0.000, conf>=0.45
[AI] done img_id=3, result=NO, conf=0.00
[PC] END_HANDSHAKE RX: b'1 timeout=0 done_bd=0 err_bd=0 done_ad=1 err_ad=0 done_stop=1 err_stop=0 soi=0 eoi=30242\r\n\xaaU\x01\x01\x02\x00\x01\x00\x00\x00?\xb0\xc2ddU\xaa'
[PC][END] RX REQ seq=2 -> TX b'\xaaU\x01\x02\x02\x00\x03\x00\x00\x00NO!L:\xcd\xbeU\xaa' (conf=0.00, last_img_id=3, cache_img_id=3)
[PC] END_HANDSHAKE RX: b'TX_DONE\r\n'
[ACCOUNT] MCU account missing
[PC] TX_DONE received
[PC] DONE_ACK sent
[PC] Transfer ended, waiting for next STANDBY...
[PC] Waiting for MCU STANDBY...
[PC] HANDSHAKE RX: b'STANDBY\r\n'
[PC] STANDBY received
[PC] READY sent
[PC] Start receiving one image...
[PC] RX bytes=4096, buffer=4096
[PC] RX bytes=4096, buffer=4314
[PC] RX bytes=4096, buffer=4255
[PC] Serial disconnected or unavailable: SerialException: GetOverlappedResult failed (PermissionError(13, '拒绝访问。', None, 5))
[PC] Experiment session ended; full log has been saved
[PC] Serial closed
