[LOG] Session log: C:\Users\linzh\Desktop\Final_Project\Communication_module\session_logs\pc_uart_ai_session_20260608_161236.log
[PC] Python executable: C:\Users\linzh\yolo_mvp\venv\Scripts\python.exe
[PC] argv: ['.\\Communication_module\\pc_ai_uart_service_version2.py']
[PC] TCP injection disabled
[AI] importing modules... please wait
[AI] import finished in 26.8s
[AI] loading model... please wait
[AI] loaded model in 0.1s: C:\Users\linzh\Desktop\Final_Project\runs_mvp\insect_det_v7_mvp3\weights\best.pt
[PC] Auto selected serial port: COM9
[PC] Opened COM9 @ 115200
[PC] Save dir: C:\Users\linzh\Desktop\Final_Project\Communication_module\reassembled_output
[PC] Waiting for MCU STANDBY...
[PC] HANDSHAKE RX: b'STANDBY\r\n'
[PC] STANDBY received
[PC] READY sent
[PC] Start receiving one image...
[PC] RX bytes=4096, buffer=4096
[PC] RX bytes=4096, buffer=4314
[PC] RX bytes=4096, buffer=4255
[PC] RX bytes=4096, buffer=4196
[PC] RX bytes=4096, buffer=4137
[PC] RX bytes=4096, buffer=4355
[PC] RX bytes=4096, buffer=4296
[PC] RX bytes=4096, buffer=4237
[PC] RX bytes=4096, buffer=4178
[PC] IMAGE COMPLETE: img_id=1, chunks=133, bytes=33944
[PC] image reassembled, save disabled
[PC_ACCOUNT] img_id=1 pc_received_len=33944 saved_file_size=DISABLED
[AI] enqueued img_id=1, bytes=33944[AI] start img_id=1, bytes=33944

[PC] Waiting for TX_DONE...
[PC] END_HANDSHAKE RX: b'4 tx_status=0 mode=1 wait=1 timeout=0 done_bd=0 err_bd=0 done_ad=1 err_ad=0 done_stop=1 err_stop=0 soi=0 eoi=33942\r\n\xaaU\x01\x01\x00\x00\x01\x00\x00\x00?\xb0'
[PC] END_HANDSHAKE RX: b'\xc2ddU\xaa'
[PC][END] RX REQ seq=0 -> TX b'\xaaU\x01\x02\x00\x00\x04\x00\x00\x00BUSY6D\x0f\xf9U\xaa' (conf=0.00, last_img_id=1, cache_img_id=None)
[PC] END_HANDSHAKE RX: b'\xaaU\x01\x01\x00\x00\x01\x00\x00\x00?\xb0\xc2ddU\xaa'
[PC][END] RX REQ seq=0 -> TX b'\xaaU\x01\x02\x00\x00\x04\x00\x00\x00BUSY6D\x0f\xf9U\xaa' (conf=0.00, last_img_id=1, cache_img_id=None)
[PC] END_HANDSHAKE RX: b'\xaaU\x01\x01\x00\x00\x01\x00\x00\x00?\xb0\xc2ddU\xaa'
[PC][END] RX REQ seq=0 -> TX b'\xaaU\x01\x02\x00\x00\x04\x00\x00\x00BUSY6D\x0f\xf9U\xaa' (conf=0.00, last_img_id=1, cache_img_id=None)
[PC] END_HANDSHAKE RX: b'\xaaU\x01\x01\x00\x00\x01\x00\x00\x00?\xb0\xc2ddU\xaa'
[PC][END] RX REQ seq=0 -> TX b'\xaaU\x01\x02\x00\x00\x04\x00\x00\x00BUSY6D\x0f\xf9U\xaa' (conf=0.00, last_img_id=1, cache_img_id=None)
[PC] END_HANDSHAKE RX: b'\xaaU\x01\x01\x00\x00\x01\x00\x00\x00?\xb0\xc2ddU\xaa'
[PC][END] RX REQ seq=0 -> TX b'\xaaU\x01\x02\x00\x00\x04\x00\x00\x00BUSY6D\x0f\xf9U\xaa' (conf=0.00, last_img_id=1, cache_img_id=None)
[PC] END_HANDSHAKE RX: b'\xaaU\x01\x01\x00\x00\x01\x00\x00\x00?\xb0\xc2ddU\xaa'
[PC][END] RX REQ seq=0 -> TX b'\xaaU\x01\x02\x00\x00\x04\x00\x00\x00BUSY6D\x0f\xf9U\xaa' (conf=0.00, last_img_id=1, cache_img_id=None)
Results saved to [1mC:\Users\linzh\Desktop\Final_Project\Ai_module\ai_outputs\uart_ai_predict[0m
489 labels saved to C:\Users\linzh\Desktop\Final_Project\Ai_module\ai_outputs\uart_ai_predict\labels
[AI] updated img_id=1 -> NO conf=0.00 reason=NO: matched=0 < 1, max_conf=0.000, conf>=0.45
[AI] done img_id=1, result=NO, conf=0.00
[PC] END_HANDSHAKE RX: b'\xaaU\x01\x01\x00\x00\x01\x00\x00\x00?\xb0\xc2ddU\xaa'
[PC][END] RX REQ seq=0 -> TX b'\xaaU\x01\x02\x00\x00\x03\x00\x00\x00NO!L:\xcd\xbeU\xaa' (conf=0.00, last_img_id=1, cache_img_id=1)
[PC] END_HANDSHAKE RX: b'TX_DONE\r\n'
[ACCOUNT] MCU account missing
[PC] TX_DONE received
[PC] DONE_ACK sent
[PC] Transfer ended, waiting for next STANDBY...
[PC] Waiting for MCU STANDBY...
[PC] HANDSHAKE RX: b'STANDBY\r\n'
[PC] STANDBY received
[PC] READY sent
[PC] Start receiving one image...
[PC] RX bytes=4096, buffer=4096
[PC] RX bytes=4096, buffer=4314
[PC] RX bytes=4096, buffer=4255
[PC] RX bytes=4096, buffer=4196
[PC] RX bytes=4096, buffer=4137
[PC] RX bytes=4096, buffer=4355
[PC] RX bytes=4096, buffer=4296
[PC] RX bytes=4096, buffer=4237
[PC] RX bytes=4096, buffer=4178
[PC] IMAGE COMPLETE: img_id=2, chunks=133, bytes=33978
[PC] image reassembled, save disabled
[PC_ACCOUNT] img_id=2 pc_received_len=33978 saved_file_size=DISABLED
[AI] enqueued img_id=2, bytes=33978[AI] start img_id=2, bytes=33978

[PC] Waiting for TX_DONE...
[PC] END_HANDSHAKE RX: b'id=2 capture_len=33978 tx_len=33978 tx_status=0 mode=1 wait=1 timeout=0 done_bd=0 err_bd=0 done_ad=1 err_ad=0 done_stop=1 err_st'
Results saved to [1mC:\Users\linzh\Desktop\Final_Project\Ai_module\ai_outputs\uart_ai_predict[0m
490 labels saved to C:\Users\linzh\Desktop\Final_Project\Ai_module\ai_outputs\uart_ai_predict\labels
[AI] updated img_id=2 -> YES conf=0.48 reason=YES: matched=1 >= 1, conf>=0.45
[AI] done img_id=2, result=YES, conf=0.48
[PC] END_HANDSHAKE RX: b'op=0 soi=0 eoi=33976\r\n\xaaU\x01\x01\x01\x00\x01\x00\x00\x00?\xb0\xc2ddU\xaa'
[PC][END] RX REQ seq=1 -> TX b'\xaaU\x01\x02\x01\x00\x03\x00\x00\x00YES#w@\xe3U\xaa' (conf=0.48, last_img_id=2, cache_img_id=2)
[PC] END_HANDSHAKE RX: b'TX_DONE\r\n'
[ACCOUNT] MCU account missing
[PC] TX_DONE received
[PC] DONE_ACK sent
[PC] Transfer ended, waiting for next STANDBY...
[PC] Waiting for MCU STANDBY...
[PC] HANDSHAKE RX: b'STANDBY\r\n'
[PC] STANDBY received
[PC] READY sent
[PC] Start receiving one image...
[PC] RX bytes=4096, buffer=4096
[PC] RX bytes=4096, buffer=4314
[PC] RX bytes=4096, buffer=4255
[PC] RX bytes=4096, buffer=4196
[PC] RX bytes=4096, buffer=4137
[PC] RX bytes=4096, buffer=4355
[PC] RX bytes=4096, buffer=4296
[PC] RX bytes=4096, buffer=4237
[PC] RX bytes=4096, buffer=4178
[PC] IMAGE COMPLETE: img_id=3, chunks=133, bytes=33876
[PC] image reassembled, save disabled
[PC_ACCOUNT] img_id=3 pc_received_len=33876 saved_file_size=DISABLED
[AI] enqueued img_id=3, bytes=33876[AI] start img_id=3, bytes=33876

[PC] Waiting for TX_DONE...
Results saved to [1mC:\Users\linzh\Desktop\Final_Project\Ai_module\ai_outputs\uart_ai_predict[0m
490 labels saved to C:\Users\linzh\Desktop\Final_Project\Ai_module\ai_outputs\uart_ai_predict\labels
[AI] updated img_id=3 -> NO conf=0.00 reason=NO: matched=0 < 1, max_conf=0.000, conf>=0.45
[AI] done img_id=3, result=NO, conf=0.00
[PC] END_HANDSHAKE RX: b'rr_ad=0 done_stop=1 err_stop=0 soi=0 eoi=33874\r\n\xaaU\x01\x01\x02\x00\x01\x00\x00\x00?\xb0\xc2ddU\xaa'
[PC][END] RX REQ seq=2 -> TX b'\xaaU\x01\x02\x02\x00\x03\x00\x00\x00NO!L:\xcd\xbeU\xaa' (conf=0.00, last_img_id=3, cache_img_id=3)
[PC] END_HANDSHAKE RX: b'TX_DONE\r\n'
[ACCOUNT] MCU account missing
[PC] TX_DONE received
[PC] DONE_ACK sent
[PC] Transfer ended, waiting for next STANDBY...
[PC] Waiting for MCU STANDBY...
[PC] HANDSHAKE RX: b'STANDBY\r\n'
[PC] STANDBY received
[PC] READY sent
[PC] Start receiving one image...
[PC] RX bytes=4096, buffer=4096
[PC] RX bytes=4096, buffer=4314
[PC] RX bytes=4096, buffer=4255
[PC] RX bytes=4096, buffer=4196
[PC] RX bytes=4096, buffer=4137
[PC] RX bytes=4096, buffer=4355
[PC] RX bytes=4096, buffer=4296
[PC] RX bytes=4096, buffer=4237
[PC] RX bytes=3955, buffer=4037
[PC] IMAGE COMPLETE: img_id=4, chunks=132, bytes=33691
[PC] image reassembled, save disabled
[PC_ACCOUNT] img_id=4 pc_received_len=33691 saved_file_size=DISABLED
[AI] enqueued img_id=4, bytes=33691[AI] start img_id=4, bytes=33691

[PC] Waiting for TX_DONE...
[PC][END] RX REQ seq=3 -> TX b'\xaaU\x01\x02\x03\x00\x04\x00\x00\x00BUSY6D\x0f\xf9U\xaa' (conf=0.00, last_img_id=4, cache_img_id=3)
Results saved to [1mC:\Users\linzh\Desktop\Final_Project\Ai_module\ai_outputs\uart_ai_predict[0m
491 labels saved to C:\Users\linzh\Desktop\Final_Project\Ai_module\ai_outputs\uart_ai_predict\labels
[AI] updated img_id=4 -> YES conf=0.58 reason=YES: matched=1 >= 1, conf>=0.45
[AI] done img_id=4, result=YES, conf=0.58
[PC] END_HANDSHAKE RX: b'\xaaU\x01\x01\x03\x00\x01\x00\x00\x00?\xb0\xc2ddU\xaa'
[PC][END] RX REQ seq=3 -> TX b'\xaaU\x01\x02\x03\x00\x03\x00\x00\x00YES#w@\xe3U\xaa' (conf=0.58, last_img_id=4, cache_img_id=4)
[PC] END_HANDSHAKE RX: b'TX_DONE\r\n'
[ACCOUNT] MCU account missing
[PC] TX_DONE received
[PC] DONE_ACK sent
[PC] Transfer ended, waiting for next STANDBY...
[PC] Waiting for MCU STANDBY...
[PC] HANDSHAKE RX: b'STANDBY\r\n'
[PC] STANDBY received
[PC] READY sent
[PC] Start receiving one image...
[PC] RX bytes=4096, buffer=4096
[PC] RX bytes=4096, buffer=4314
[PC] RX bytes=4096, buffer=4255
[PC] RX bytes=4096, buffer=4196
[PC] RX bytes=4096, buffer=4137
[PC] RX bytes=4096, buffer=4355
[PC] RX bytes=4096, buffer=4296
[PC] RX bytes=4096, buffer=4237
[PC] RX bytes=4096, buffer=4178
[PC] RX bytes=1452, buffer=1475
[PC] IMAGE COMPLETE: img_id=5, chunks=138, bytes=35158
[PC] image reassembled, save disabled
[PC_ACCOUNT] img_id=5 pc_received_len=35158 saved_file_size=DISABLED
[AI] enqueued img_id=5, bytes=35158[AI] start img_id=5, bytes=35158

[PC] Waiting for TX_DONE...
[PC][END] RX REQ seq=4 -> TX b'\xaaU\x01\x02\x04\x00\x04\x00\x00\x00BUSY6D\x0f\xf9U\xaa' (conf=0.58, last_img_id=5, cache_img_id=4)
Results saved to [1mC:\Users\linzh\Desktop\Final_Project\Ai_module\ai_outputs\uart_ai_predict[0m
491 labels saved to C:\Users\linzh\Desktop\Final_Project\Ai_module\ai_outputs\uart_ai_predict\labels
[AI] updated img_id=5 -> NO conf=0.00 reason=NO: matched=0 < 1, max_conf=0.000, conf>=0.45
[AI] done img_id=5, result=NO, conf=0.00
[PC] END_HANDSHAKE RX: b'\xaaU\x01\x01\x04\x00\x01\x00\x00\x00?\xb0\xc2ddU\xaa'
[PC][END] RX REQ seq=4 -> TX b'\xaaU\x01\x02\x04\x00\x03\x00\x00\x00NO!L:\xcd\xbeU\xaa' (conf=0.00, last_img_id=5, cache_img_id=5)
[PC] END_HANDSHAKE RX: b'TX_DONE\r\n'
[ACCOUNT] MCU account missing
[PC] TX_DONE received
[PC] DONE_ACK sent
[PC] Transfer ended, waiting for next STANDBY...
[PC] Waiting for MCU STANDBY...
[PC] HANDSHAKE RX: b'STANDBY\r\n'
[PC] STANDBY received
[PC] READY sent
[PC] Start receiving one image...
[PC] RX bytes=4096, buffer=4096
[PC] RX bytes=4096, buffer=4314
[PC] RX bytes=4096, buffer=4255
[PC] RX bytes=4096, buffer=4196
[PC] RX bytes=4096, buffer=4137
[PC] RX bytes=4096, buffer=4355
[PC] RX bytes=4096, buffer=4296
[PC] RX bytes=4096, buffer=4237
[PC] RX bytes=4096, buffer=4178
[PC] RX bytes=1427, buffer=1450
[PC] IMAGE COMPLETE: img_id=6, chunks=138, bytes=35133
[PC] image reassembled, save disabled
[PC_ACCOUNT] img_id=6 pc_received_len=35133 saved_file_size=DISABLED
[AI] enqueued img_id=6, bytes=35133[AI] start img_id=6, bytes=35133

[PC] Waiting for TX_DONE...
[PC][END] RX REQ seq=5 -> TX b'\xaaU\x01\x02\x05\x00\x04\x00\x00\x00BUSY6D\x0f\xf9U\xaa' (conf=0.00, last_img_id=6, cache_img_id=5)
Results saved to [1mC:\Users\linzh\Desktop\Final_Project\Ai_module\ai_outputs\uart_ai_predict[0m
491 labels saved to C:\Users\linzh\Desktop\Final_Project\Ai_module\ai_outputs\uart_ai_predict\labels
[AI] updated img_id=6 -> NO conf=0.00 reason=NO: matched=0 < 1, max_conf=0.000, conf>=0.45
[AI] done img_id=6, result=NO, conf=0.00
[PC] END_HANDSHAKE RX: b'\xaaU\x01\x01\x05\x00\x01\x00\x00\x00?\xb0\xc2ddU\xaa'
[PC][END] RX REQ seq=5 -> TX b'\xaaU\x01\x02\x05\x00\x03\x00\x00\x00NO!L:\xcd\xbeU\xaa' (conf=0.00, last_img_id=6, cache_img_id=6)
[PC] END_HANDSHAKE RX: b'TX_DONE\r\n'
[ACCOUNT] MCU account missing
[PC] TX_DONE received
[PC] DONE_ACK sent
[PC] Transfer ended, waiting for next STANDBY...
[PC] Waiting for MCU STANDBY...
[PC] HANDSHAKE RX: b'STANDBY\r\n'
[PC] STANDBY received
[PC] READY sent
[PC] Start receiving one image...
[PC] RX bytes=4096, buffer=4096
[PC] RX bytes=4096, buffer=4314
[PC] RX bytes=4096, buffer=4255
[PC] RX bytes=4096, buffer=4196
[PC] RX bytes=4096, buffer=4137
[PC] RX bytes=4096, buffer=4355
[PC] RX bytes=4096, buffer=4296
[PC] RX bytes=4096, buffer=4237
[PC] RX bytes=4096, buffer=4178
[PC] RX bytes=2419, buffer=2442
[PC] IMAGE COMPLETE: img_id=7, chunks=141, bytes=36062
[PC] image reassembled, save disabled
[PC_ACCOUNT] img_id=7 pc_received_len=36062 saved_file_size=DISABLED
[AI] enqueued img_id=7, bytes=36062[AI] start img_id=7, bytes=36062

[PC] Waiting for TX_DONE...
[PC][END] RX REQ seq=6 -> TX b'\xaaU\x01\x02\x06\x00\x04\x00\x00\x00BUSY6D\x0f\xf9U\xaa' (conf=0.00, last_img_id=7, cache_img_id=6)
Results saved to [1mC:\Users\linzh\Desktop\Final_Project\Ai_module\ai_outputs\uart_ai_predict[0m
492 labels saved to C:\Users\linzh\Desktop\Final_Project\Ai_module\ai_outputs\uart_ai_predict\labels
[AI] updated img_id=7 -> YES conf=0.62 reason=YES: matched=3 >= 1, conf>=0.45
[AI] done img_id=7, result=YES, conf=0.62
[PC] END_HANDSHAKE RX: b'\xaaU\x01\x01\x06\x00\x01\x00\x00\x00?\xb0\xc2ddU\xaa'
[PC][END] RX REQ seq=6 -> TX b'\xaaU\x01\x02\x06\x00\x03\x00\x00\x00YES#w@\xe3U\xaa' (conf=0.62, last_img_id=7, cache_img_id=7)
[PC] END_HANDSHAKE RX: b'TX_DONE\r\n'
[ACCOUNT] MCU account missing
[PC] TX_DONE received
[PC] DONE_ACK sent
[PC] Transfer ended, waiting for next STANDBY...
[PC] Waiting for MCU STANDBY...
[PC] HANDSHAKE RX: b'STANDBY\r\n'
[PC] STANDBY received
[PC] READY sent
[PC] Start receiving one image...
[PC] RX bytes=4096, buffer=4096
[PC] RX bytes=4096, buffer=4314
[PC] RX bytes=4096, buffer=4255
[PC] RX bytes=4096, buffer=4196
[PC] RX bytes=4096, buffer=4137
[PC] RX bytes=4096, buffer=4355
[PC] RX bytes=4096, buffer=4296
[PC] RX bytes=4096, buffer=4237
[PC] RX bytes=4096, buffer=4178
[PC] RX bytes=1533, buffer=1556
[PC] IMAGE COMPLETE: img_id=8, chunks=138, bytes=35239
[PC] image reassembled, save disabled
[PC_ACCOUNT] img_id=8 pc_received_len=35239 saved_file_size=DISABLED
[AI] enqueued img_id=8, bytes=35239[AI] start img_id=8, bytes=35239

[PC] Waiting for TX_DONE...
[PC][END] RX REQ seq=7 -> TX b'\xaaU\x01\x02\x07\x00\x04\x00\x00\x00BUSY6D\x0f\xf9U\xaa' (conf=0.62, last_img_id=8, cache_img_id=7)
Results saved to [1mC:\Users\linzh\Desktop\Final_Project\Ai_module\ai_outputs\uart_ai_predict[0m
493 labels saved to C:\Users\linzh\Desktop\Final_Project\Ai_module\ai_outputs\uart_ai_predict\labels
[AI] updated img_id=8 -> YES conf=0.54 reason=YES: matched=1 >= 1, conf>=0.45
[AI] done img_id=8, result=YES, conf=0.54
[PC] END_HANDSHAKE RX: b'\xaaU\x01\x01\x07\x00\x01\x00\x00\x00?\xb0\xc2ddU\xaa'
[PC][END] RX REQ seq=7 -> TX b'\xaaU\x01\x02\x07\x00\x03\x00\x00\x00YES#w@\xe3U\xaa' (conf=0.54, last_img_id=8, cache_img_id=8)
[PC] END_HANDSHAKE RX: b'TX_DONE\r\n'
[ACCOUNT] MCU account missing
[PC] TX_DONE received
[PC] DONE_ACK sent
[PC] Transfer ended, waiting for next STANDBY...
[PC] Waiting for MCU STANDBY...
[PC] HANDSHAKE RX: b'STANDBY\r\n'
[PC] STANDBY received
[PC] READY sent
[PC] Start receiving one image...
[PC] RX bytes=4096, buffer=4096
[PC] RX bytes=4096, buffer=4314
[PC] RX bytes=4096, buffer=4255
[PC] RX bytes=4096, buffer=4196
[PC] RX bytes=4096, buffer=4137
[PC] RX bytes=4096, buffer=4355
[PC] RX bytes=4096, buffer=4296
[PC] RX bytes=4096, buffer=4237
[PC] RX bytes=4096, buffer=4178
[PC] RX bytes=671, buffer=694
[PC] IMAGE COMPLETE: img_id=9, chunks=135, bytes=34440
[PC] image reassembled, save disabled
[PC_ACCOUNT] img_id=9 pc_received_len=34440 saved_file_size=DISABLED
[AI] enqueued img_id=9, bytes=34440[AI] start img_id=9, bytes=34440

[PC] Waiting for TX_DONE...
[PC][END] RX REQ seq=8 -> TX b'\xaaU\x01\x02\x08\x00\x04\x00\x00\x00BUSY6D\x0f\xf9U\xaa' (conf=0.54, last_img_id=9, cache_img_id=8)
Results saved to [1mC:\Users\linzh\Desktop\Final_Project\Ai_module\ai_outputs\uart_ai_predict[0m
494 labels saved to C:\Users\linzh\Desktop\Final_Project\Ai_module\ai_outputs\uart_ai_predict\labels
[AI] updated img_id=9 -> YES conf=0.58 reason=YES: matched=2 >= 1, conf>=0.45
[AI] done img_id=9, result=YES, conf=0.58
[PC] END_HANDSHAKE RX: b'\xaaU\x01\x01\x08\x00\x01\x00\x00\x00?\xb0\xc2ddU\xaa'
[PC][END] RX REQ seq=8 -> TX b'\xaaU\x01\x02\x08\x00\x03\x00\x00\x00YES#w@\xe3U\xaa' (conf=0.58, last_img_id=9, cache_img_id=9)
[PC] END_HANDSHAKE RX: b'TX_DONE\r\n'
[ACCOUNT] MCU account missing
[PC] TX_DONE received
[PC] DONE_ACK sent
[PC] Transfer ended, waiting for next STANDBY...
[PC] Waiting for MCU STANDBY...
[PC] HANDSHAKE RX: b'STANDBY\r\n'
[PC] STANDBY received
[PC] READY sent
[PC] Start receiving one image...
[PC] RX bytes=4096, buffer=4096
[PC] RX bytes=4096, buffer=4314
[PC] RX bytes=4096, buffer=4255
[PC] RX bytes=4096, buffer=4196
[PC] RX bytes=4096, buffer=4137
[PC] RX bytes=4096, buffer=4355
[PC] RX bytes=4096, buffer=4296
[PC] RX bytes=4096, buffer=4237
[PC] RX bytes=4096, buffer=4178
[PC] RX bytes=1309, buffer=1332
[PC] IMAGE COMPLETE: img_id=10, chunks=137, bytes=35034
[PC] image reassembled, save disabled
[PC_ACCOUNT] img_id=10 pc_received_len=35034 saved_file_size=DISABLED
[AI] enqueued img_id=10, bytes=35034[AI] start img_id=10, bytes=35034

[PC] Waiting for TX_DONE...
[PC][END] RX REQ seq=9 -> TX b'\xaaU\x01\x02\t\x00\x04\x00\x00\x00BUSY6D\x0f\xf9U\xaa' (conf=0.58, last_img_id=10, cache_img_id=9)
Results saved to [1mC:\Users\linzh\Desktop\Final_Project\Ai_module\ai_outputs\uart_ai_predict[0m
495 labels saved to C:\Users\linzh\Desktop\Final_Project\Ai_module\ai_outputs\uart_ai_predict\labels
[AI] updated img_id=10 -> YES conf=0.56 reason=YES: matched=2 >= 1, conf>=0.45
[AI] done img_id=10, result=YES, conf=0.56
[PC] END_HANDSHAKE RX: b'\xaaU\x01\x01\t\x00\x01\x00\x00\x00?\xb0\xc2ddU\xaa'
[PC][END] RX REQ seq=9 -> TX b'\xaaU\x01\x02\t\x00\x03\x00\x00\x00YES#w@\xe3U\xaa' (conf=0.56, last_img_id=10, cache_img_id=10)
[PC] END_HANDSHAKE RX: b'TX_DONE\r\n'
[ACCOUNT] MCU account missing
[PC] TX_DONE received
[PC] DONE_ACK sent
[PC] Transfer ended, waiting for next STANDBY...
[PC] Waiting for MCU STANDBY...
[PC] HANDSHAKE RX: b'STANDBY\r\n'
[PC] STANDBY received
[PC] READY sent
[PC] Start receiving one image...
[PC] RX bytes=4096, buffer=4096
[PC] RX bytes=4096, buffer=4314
[PC] RX bytes=4096, buffer=4255
[PC] RX bytes=4096, buffer=4196
[PC] RX bytes=4096, buffer=4137
[PC] RX bytes=4096, buffer=4355
[PC] RX bytes=4096, buffer=4296
[PC] RX bytes=4096, buffer=4237
[PC] RX bytes=4096, buffer=4178
[PC] RX bytes=1406, buffer=1429
[PC] IMAGE COMPLETE: img_id=11, chunks=138, bytes=35110
[PC] image reassembled, save disabled
[PC_ACCOUNT] img_id=11 pc_received_len=35110 saved_file_size=DISABLED
[AI] enqueued img_id=11, bytes=35110[AI] start img_id=11, bytes=35110

[PC] Waiting for TX_DONE...
[PC][END] RX REQ seq=10 -> TX b'\xaaU\x01\x02\n\x00\x04\x00\x00\x00BUSY6D\x0f\xf9U\xaa' (conf=0.56, last_img_id=11, cache_img_id=10)
Results saved to [1mC:\Users\linzh\Desktop\Final_Project\Ai_module\ai_outputs\uart_ai_predict[0m
496 labels saved to C:\Users\linzh\Desktop\Final_Project\Ai_module\ai_outputs\uart_ai_predict\labels
[AI] updated img_id=11 -> YES conf=0.57 reason=YES: matched=2 >= 1, conf>=0.45
[AI] done img_id=11, result=YES, conf=0.57
[PC] END_HANDSHAKE RX: b'\xaaU\x01\x01\n\x00\x01\x00\x00\x00?\xb0\xc2ddU\xaa'
[PC][END] RX REQ seq=10 -> TX b'\xaaU\x01\x02\n\x00\x03\x00\x00\x00YES#w@\xe3U\xaa' (conf=0.57, last_img_id=11, cache_img_id=11)
[PC] END_HANDSHAKE RX: b'TX_DONE\r\n'
[ACCOUNT] MCU account missing
[PC] TX_DONE received
[PC] DONE_ACK sent
[PC] Transfer ended, waiting for next STANDBY...
[PC] Waiting for MCU STANDBY...
[PC] HANDSHAKE RX: b'STANDBY\r\n'
[PC] STANDBY received
[PC] READY sent
[PC] Start receiving one image...
[PC] RX bytes=4096, buffer=4096
[PC] RX bytes=4096, buffer=4314
[PC] RX bytes=4096, buffer=4255
[PC] RX bytes=4096, buffer=4196
[PC] RX bytes=4096, buffer=4137
[PC] RX bytes=4096, buffer=4355
[PC] RX bytes=4096, buffer=4296
[PC] RX bytes=4096, buffer=4237
[PC] RX bytes=2699, buffer=2781
[PC] IMAGE COMPLETE: img_id=12, chunks=128, bytes=32517
[PC] image reassembled, save disabled
[PC_ACCOUNT] img_id=12 pc_received_len=32517 saved_file_size=DISABLED
[AI] enqueued img_id=12, bytes=32517[AI] start img_id=12, bytes=32517

[PC] Waiting for TX_DONE...
[PC][END] RX REQ seq=11 -> TX b'\xaaU\x01\x02\x0b\x00\x04\x00\x00\x00BUSY6D\x0f\xf9U\xaa' (conf=0.57, last_img_id=12, cache_img_id=11)
Results saved to [1mC:\Users\linzh\Desktop\Final_Project\Ai_module\ai_outputs\uart_ai_predict[0m
497 labels saved to C:\Users\linzh\Desktop\Final_Project\Ai_module\ai_outputs\uart_ai_predict\labels
[AI] updated img_id=12 -> YES conf=0.48 reason=YES: matched=1 >= 1, conf>=0.45
[AI] done img_id=12, result=YES, conf=0.48
[PC] END_HANDSHAKE RX: b'\xaaU\x01\x01\x0b\x00\x01\x00\x00\x00?\xb0\xc2ddU\xaa'
[PC][END] RX REQ seq=11 -> TX b'\xaaU\x01\x02\x0b\x00\x03\x00\x00\x00YES#w@\xe3U\xaa' (conf=0.48, last_img_id=12, cache_img_id=12)
[PC] END_HANDSHAKE RX: b'TX_DONE\r\n'
[ACCOUNT] MCU account missing
[PC] TX_DONE received
[PC] DONE_ACK sent
[PC] Transfer ended, waiting for next STANDBY...
[PC] Waiting for MCU STANDBY...
[PC] HANDSHAKE RX: b'STANDBY\r\n'
[PC] STANDBY received
[PC] READY sent
[PC] Start receiving one image...
[PC] RX bytes=4096, buffer=4096
[PC] RX bytes=4096, buffer=4314
[PC] RX bytes=4096, buffer=4255
[PC] RX bytes=4096, buffer=4196
[PC] RX bytes=4096, buffer=4137
[PC] RX bytes=4096, buffer=4355
[PC] RX bytes=4096, buffer=4296
[PC] RX bytes=4096, buffer=4237
[PC] RX bytes=4096, buffer=4178
[PC] RX bytes=1001, buffer=1024
[PC] IMAGE COMPLETE: img_id=13, chunks=136, bytes=34747
[PC] image reassembled, save disabled
[PC_ACCOUNT] img_id=13 pc_received_len=34747 saved_file_size=DISABLED
[AI] enqueued img_id=13, bytes=34747[AI] start img_id=13, bytes=34747

[PC] Waiting for TX_DONE...
[PC][END] RX REQ seq=12 -> TX b'\xaaU\x01\x02\x0c\x00\x04\x00\x00\x00BUSY6D\x0f\xf9U\xaa' (conf=0.48, last_img_id=13, cache_img_id=12)
Results saved to [1mC:\Users\linzh\Desktop\Final_Project\Ai_module\ai_outputs\uart_ai_predict[0m
497 labels saved to C:\Users\linzh\Desktop\Final_Project\Ai_module\ai_outputs\uart_ai_predict\labels
[AI] updated img_id=13 -> NO conf=0.00 reason=NO: matched=0 < 1, max_conf=0.000, conf>=0.45
[AI] done img_id=13, result=NO, conf=0.00
[PC] END_HANDSHAKE RX: b'\xaaU\x01\x01\x0c\x00\x01\x00\x00\x00?\xb0\xc2ddU\xaa'
[PC][END] RX REQ seq=12 -> TX b'\xaaU\x01\x02\x0c\x00\x03\x00\x00\x00NO!L:\xcd\xbeU\xaa' (conf=0.00, last_img_id=13, cache_img_id=13)
[PC] END_HANDSHAKE RX: b'TX_DONE\r\n'
[ACCOUNT] MCU account missing
[PC] TX_DONE received
[PC] DONE_ACK sent
[PC] Transfer ended, waiting for next STANDBY...
[PC] Waiting for MCU STANDBY...
[PC] HANDSHAKE RX: b'STANDBY\r\n'
[PC] STANDBY received
[PC] READY sent
[PC] Start receiving one image...
[PC] RX bytes=4096, buffer=4096
[PC] RX bytes=4096, buffer=4314
[PC] RX bytes=4096, buffer=4255
[PC] RX bytes=4096, buffer=4196
[PC] RX bytes=4096, buffer=4137
[PC] RX bytes=4096, buffer=4355
[PC] RX bytes=4096, buffer=4296
[PC] RX bytes=4096, buffer=4237
[PC] RX bytes=4096, buffer=4178
[PC] RX bytes=1818, buffer=1841
[PC] IMAGE COMPLETE: img_id=14, chunks=139, bytes=35501
[PC] image reassembled, save disabled
[PC_ACCOUNT] img_id=14 pc_received_len=35501 saved_file_size=DISABLED
[AI] enqueued img_id=14, bytes=35501[AI] start img_id=14, bytes=35501

[PC] Waiting for TX_DONE...
[PC][END] RX REQ seq=13 -> TX b'\xaaU\x01\x02\r\x00\x04\x00\x00\x00BUSY6D\x0f\xf9U\xaa' (conf=0.00, last_img_id=14, cache_img_id=13)
Results saved to [1mC:\Users\linzh\Desktop\Final_Project\Ai_module\ai_outputs\uart_ai_predict[0m
498 labels saved to C:\Users\linzh\Desktop\Final_Project\Ai_module\ai_outputs\uart_ai_predict\labels
[AI] updated img_id=14 -> YES conf=0.67 reason=YES: matched=1 >= 1, conf>=0.45
[AI] done img_id=14, result=YES, conf=0.67
[PC] END_HANDSHAKE RX: b'\xaaU\x01\x01\r\x00\x01\x00\x00\x00?\xb0\xc2ddU\xaa'
[PC][END] RX REQ seq=13 -> TX b'\xaaU\x01\x02\r\x00\x03\x00\x00\x00YES#w@\xe3U\xaa' (conf=0.67, last_img_id=14, cache_img_id=14)
[PC] END_HANDSHAKE RX: b'TX_DONE\r\n'
[ACCOUNT] MCU account missing
[PC] TX_DONE received
[PC] DONE_ACK sent
[PC] Transfer ended, waiting for next STANDBY...
[PC] Waiting for MCU STANDBY...
