[LOG] Session log: C:\Users\linzh\Desktop\Final_Project\Communication_module\session_logs\pc_uart_ai_session_20260608_180656.log
[PC] Python executable: C:\Users\linzh\yolo_mvp\venv\Scripts\python.exe
[PC] argv: ['.\\Communication_module\\pc_ai_uart_service_version2.py']
[PC] TCP injection disabled
[AI] importing modules... please wait
[AI] import finished in 3.9s
[AI] loading model... please wait
[AI] loaded model in 0.1s: C:\Users\linzh\Desktop\Final_Project\runs_mvp\insect_det_v7_mvp3\weights\best.pt
[PC] Auto selected serial port: COM9
[PC] Opened COM9 @ 115200
[PC] Save dir: C:\Users\linzh\Desktop\Final_Project\Communication_module\reassembled_output
[PC] Waiting for MCU STANDBY...
[PC] HANDSHAKE RX: b'STANDBY\r\n'
[PC] STANDBY received
[PC] READY sent
[PC] Start receiving one image...
[PC] RX bytes=4096, buffer=4096
[PC] RX bytes=4096, buffer=4314
[PC] RX bytes=4096, buffer=4255
[PC] RX bytes=4096, buffer=4196
[PC] RX bytes=4096, buffer=4137
[PC] RX bytes=4096, buffer=4355
[PC] RX bytes=4096, buffer=4296
[PC] RX bytes=4096, buffer=4237
[PC] RX bytes=4096, buffer=4178
[PC] RX bytes=4096, buffer=4119
[PC] RX bytes=4096, buffer=4337
[PC] RX bytes=4096, buffer=4278
[PC] RX bytes=620, buffer=743
[PC] IMAGE COMPLETE: img_id=1, chunks=179, bytes=45753
[PC] image reassembled, save disabled
[PC_ACCOUNT] img_id=1 pc_received_len=45753 saved_file_size=DISABLED
[AI] enqueued img_id=1, bytes=45753[AI] start img_id=1, bytes=45753

[PC] Waiting for TX_DONE...
[PC][END] RX REQ seq=0 -> TX b'\xaaU\x01\x02\x00\x00\x04\x00\x00\x00BUSY6D\x0f\xf9U\xaa' (conf=0.00, last_img_id=1, cache_img_id=None)
[PC] END_HANDSHAKE RX: b'\xaaU\x01\x01\x00\x00\x01\x00\x00\x00?\xb0\xc2ddU\xaa'
[PC][END] RX REQ seq=0 -> TX b'\xaaU\x01\x02\x00\x00\x04\x00\x00\x00BUSY6D\x0f\xf9U\xaa' (conf=0.00, last_img_id=1, cache_img_id=None)
[PC] END_HANDSHAKE RX: b'\xaaU\x01\x01\x00\x00\x01\x00\x00\x00?\xb0\xc2ddU\xaa'
[PC][END] RX REQ seq=0 -> TX b'\xaaU\x01\x02\x00\x00\x04\x00\x00\x00BUSY6D\x0f\xf9U\xaa' (conf=0.00, last_img_id=1, cache_img_id=None)
[PC] END_HANDSHAKE RX: b'\xaaU\x01\x01\x00\x00\x01\x00\x00\x00?\xb0\xc2ddU\xaa'
[PC][END] RX REQ seq=0 -> TX b'\xaaU\x01\x02\x00\x00\x04\x00\x00\x00BUSY6D\x0f\xf9U\xaa' (conf=0.00, last_img_id=1, cache_img_id=None)
[PC] END_HANDSHAKE RX: b'\xaaU\x01\x01\x00\x00\x01\x00\x00\x00?\xb0\xc2ddU\xaa'
[PC][END] RX REQ seq=0 -> TX b'\xaaU\x01\x02\x00\x00\x04\x00\x00\x00BUSY6D\x0f\xf9U\xaa' (conf=0.00, last_img_id=1, cache_img_id=None)
[PC] END_HANDSHAKE RX: b'\xaaU\x01\x01\x00\x00\x01\x00\x00\x00?\xb0\xc2ddU\xaa'
[PC][END] RX REQ seq=0 -> TX b'\xaaU\x01\x02\x00\x00\x04\x00\x00\x00BUSY6D\x0f\xf9U\xaa' (conf=0.00, last_img_id=1, cache_img_id=None)
[PC] END_HANDSHAKE RX: b'\xaaU\x01\x01\x00\x00\x01\x00\x00\x00?\xb0\xc2ddU\xaa'
[PC][END] RX REQ seq=0 -> TX b'\xaaU\x01\x02\x00\x00\x04\x00\x00\x00BUSY6D\x0f\xf9U\xaa' (conf=0.00, last_img_id=1, cache_img_id=None)
[PC] END_HANDSHAKE RX: b'\xaaU\x01\x01\x00\x00\x01\x00\x00\x00?\xb0\xc2ddU\xaa'
[PC][END] RX REQ seq=0 -> TX b'\xaaU\x01\x02\x00\x00\x04\x00\x00\x00BUSY6D\x0f\xf9U\xaa' (conf=0.00, last_img_id=1, cache_img_id=None)
Results saved to [1mC:\Users\linzh\Desktop\Final_Project\Ai_module\ai_outputs\uart_ai_predict[0m
503 labels saved to C:\Users\linzh\Desktop\Final_Project\Ai_module\ai_outputs\uart_ai_predict\labels
[AI] updated img_id=1 -> YES conf=0.46 reason=YES: matched=1 >= 1, conf>=0.45
[AI] done img_id=1, result=YES, conf=0.46
[PC] END_HANDSHAKE RX: b'\xaaU\x01\x01\x00\x00\x01\x00\x00\x00?\xb0\xc2ddU\xaa'
[PC][END] RX REQ seq=0 -> TX b'\xaaU\x01\x02\x00\x00\x03\x00\x00\x00YES#w@\xe3U\xaa' (conf=0.46, last_img_id=1, cache_img_id=1)
[PC] END_HANDSHAKE RX: b'TX_DONE\r\n'
[ACCOUNT] MCU account missing
[PC] TX_DONE received
[PC] DONE_ACK sent
[PC] Transfer ended, waiting for next STANDBY...
[PC] Waiting for MCU STANDBY...
[PC] HANDSHAKE RX: b'STANDBY\r\n'
[PC] STANDBY received
[PC] READY sent
[PC] Start receiving one image...
[PC] RX bytes=4096, buffer=4096
[PC] RX bytes=4096, buffer=4314
[PC] RX bytes=4096, buffer=4255
[PC] RX bytes=4096, buffer=4196
[PC] RX bytes=4096, buffer=4137
[PC] RX bytes=4096, buffer=4355
[PC] RX bytes=4096, buffer=4296
[PC] RX bytes=4096, buffer=4237
[PC] RX bytes=4096, buffer=4178
[PC] RX bytes=4096, buffer=4119
[PC] RX bytes=4096, buffer=4337
[PC] RX bytes=4096, buffer=4278
[PC] IMAGE COMPLETE: img_id=2, chunks=178, bytes=45402
[PC] image reassembled, save disabled
[PC_ACCOUNT] img_id=2 pc_received_len=45402 saved_file_size=DISABLED
[AI] enqueued img_id=2, bytes=45402[AI] start img_id=2, bytes=45402

[PC] Waiting for TX_DONE...
[PC] END_HANDSHAKE RX: b'g_id=2 done=1 error=0 timeout=0 soi=0 eoi=45400 jpg_len=45402\r\n[MCU_ACCOUNT] img_id=2 capture_len=45402 tx_len=45402 tx_status=0'
Results saved to [1mC:\Users\linzh\Desktop\Final_Project\Ai_module\ai_outputs\uart_ai_predict[0m
504 labels saved to C:\Users\linzh\Desktop\Final_Project\Ai_module\ai_outputs\uart_ai_predict\labels
[AI] updated img_id=2 -> YES conf=0.58 reason=YES: matched=1 >= 1, conf>=0.45
[AI] done img_id=2, result=YES, conf=0.58
[PC] END_HANDSHAKE RX: b' mode=1 wait=1 timeout=0 done_bd=0 err_bd=0 done_ad=1 err_ad=0 done_stop=1 err_stop=0 soi=0 eoi=45400\r\n\xaaU\x01\x01\x01\x00\x01\x00\x00\x00?\xb0\xc2ddU\xaa'
[PC][END] RX REQ seq=1 -> TX b'\xaaU\x01\x02\x01\x00\x03\x00\x00\x00YES#w@\xe3U\xaa' (conf=0.58, last_img_id=2, cache_img_id=2)
[PC] END_HANDSHAKE RX: b'TX_DONE\r\n'
[ACCOUNT] MCU account missing
[PC] TX_DONE received
[PC] DONE_ACK sent
[PC] Transfer ended, waiting for next STANDBY...
[PC] Waiting for MCU STANDBY...
[PC] HANDSHAKE RX: b'STANDBY\r\n'
[PC] STANDBY received
[PC] READY sent
[PC] Start receiving one image...
[PC] RX bytes=4096, buffer=4096
[PC] RX bytes=4096, buffer=4314
[PC] RX bytes=4096, buffer=4255
[PC] RX bytes=4096, buffer=4196
[PC] RX bytes=4096, buffer=4137
[PC] RX bytes=4096, buffer=4355
[PC] RX bytes=4096, buffer=4296
[PC] RX bytes=4096, buffer=4237
[PC] RX bytes=4096, buffer=4178
[PC] RX bytes=4096, buffer=4119
[PC] RX bytes=4096, buffer=4337
[PC] RX bytes=3579, buffer=3761
[PC] IMAGE COMPLETE: img_id=3, chunks=175, bytes=44700
[PC] image reassembled, save disabled
[PC_ACCOUNT] img_id=3 pc_received_len=44700 saved_file_size=DISABLED
[AI] enqueued img_id=3, bytes=44700[AI] start img_id=3, bytes=44700

[PC] Waiting for TX_DONE...
[PC][END] RX REQ seq=2 -> TX b'\xaaU\x01\x02\x02\x00\x04\x00\x00\x00BUSY6D\x0f\xf9U\xaa' (conf=0.58, last_img_id=3, cache_img_id=2)
Results saved to [1mC:\Users\linzh\Desktop\Final_Project\Ai_module\ai_outputs\uart_ai_predict[0m
505 labels saved to C:\Users\linzh\Desktop\Final_Project\Ai_module\ai_outputs\uart_ai_predict\labels
[AI] updated img_id=3 -> YES conf=0.59 reason=YES: matched=1 >= 1, conf>=0.45
[AI] done img_id=3, result=YES, conf=0.59
[PC] END_HANDSHAKE RX: b'\xaaU\x01\x01\x02\x00\x01\x00\x00\x00?\xb0\xc2ddU\xaa'
[PC][END] RX REQ seq=2 -> TX b'\xaaU\x01\x02\x02\x00\x03\x00\x00\x00YES#w@\xe3U\xaa' (conf=0.59, last_img_id=3, cache_img_id=3)
[PC] END_HANDSHAKE RX: b'TX_DONE\r\n'
[ACCOUNT] MCU account missing
[PC] TX_DONE received
[PC] DONE_ACK sent
[PC] Transfer ended, waiting for next STANDBY...
[PC] Waiting for MCU STANDBY...
[PC] HANDSHAKE RX: b'STANDBY\r\n'
[PC] STANDBY received
[PC] READY sent
[PC] Start receiving one image...
[PC] RX bytes=4096, buffer=4096
[PC] RX bytes=4096, buffer=4314
[PC] RX bytes=4096, buffer=4255
[PC] RX bytes=4096, buffer=4196
[PC] RX bytes=4096, buffer=4137
[PC] RX bytes=4096, buffer=4355
[PC] RX bytes=4096, buffer=4296
[PC] RX bytes=4096, buffer=4237
[PC] RX bytes=4096, buffer=4178
[PC] RX bytes=4096, buffer=4119
[PC] RX bytes=4096, buffer=4337
[PC] RX bytes=3676, buffer=3858
[PC] IMAGE COMPLETE: img_id=4, chunks=175, bytes=44797
[PC] image reassembled, save disabled
[PC_ACCOUNT] img_id=4 pc_received_len=44797 saved_file_size=DISABLED
[AI] enqueued img_id=4, bytes=44797[AI] start img_id=4, bytes=44797

[PC] Waiting for TX_DONE...
[PC][END] RX REQ seq=3 -> TX b'\xaaU\x01\x02\x03\x00\x04\x00\x00\x00BUSY6D\x0f\xf9U\xaa' (conf=0.59, last_img_id=4, cache_img_id=3)
Results saved to [1mC:\Users\linzh\Desktop\Final_Project\Ai_module\ai_outputs\uart_ai_predict[0m
506 labels saved to C:\Users\linzh\Desktop\Final_Project\Ai_module\ai_outputs\uart_ai_predict\labels
[AI] updated img_id=4 -> YES conf=0.55 reason=YES: matched=1 >= 1, conf>=0.45
[AI] done img_id=4, result=YES, conf=0.55
[PC] END_HANDSHAKE RX: b'\xaaU\x01\x01\x03\x00\x01\x00\x00\x00?\xb0\xc2ddU\xaa'
[PC][END] RX REQ seq=3 -> TX b'\xaaU\x01\x02\x03\x00\x03\x00\x00\x00YES#w@\xe3U\xaa' (conf=0.55, last_img_id=4, cache_img_id=4)
[PC] END_HANDSHAKE RX: b'TX_DONE\r\n'
[ACCOUNT] MCU account missing
[PC] TX_DONE received
[PC] DONE_ACK sent
[PC] Transfer ended, waiting for next STANDBY...
[PC] Waiting for MCU STANDBY...
[PC] HANDSHAKE RX: b'STANDBY\r\n'
[PC] STANDBY received
[PC] READY sent
[PC] Start receiving one image...
[PC] RX bytes=4096, buffer=4096
[PC] RX bytes=4096, buffer=4314
[PC] RX bytes=4096, buffer=4255
[PC] RX bytes=4096, buffer=4196
[PC] RX bytes=4096, buffer=4137
[PC] RX bytes=4096, buffer=4355
[PC] RX bytes=4096, buffer=4296
[PC] RX bytes=4096, buffer=4237
[PC] RX bytes=4096, buffer=4178
[PC] RX bytes=4096, buffer=4119
[PC] RX bytes=4096, buffer=4337
[PC] RX bytes=3050, buffer=3232
[PC] IMAGE COMPLETE: img_id=5, chunks=173, bytes=44213
[PC] image reassembled, save disabled
[PC_ACCOUNT] img_id=5 pc_received_len=44213 saved_file_size=DISABLED
[AI] enqueued img_id=5, bytes=44213[AI] start img_id=5, bytes=44213

[PC] Waiting for TX_DONE...
[PC][END] RX REQ seq=4 -> TX b'\xaaU\x01\x02\x04\x00\x04\x00\x00\x00BUSY6D\x0f\xf9U\xaa' (conf=0.55, last_img_id=5, cache_img_id=4)
Results saved to [1mC:\Users\linzh\Desktop\Final_Project\Ai_module\ai_outputs\uart_ai_predict[0m
507 labels saved to C:\Users\linzh\Desktop\Final_Project\Ai_module\ai_outputs\uart_ai_predict\labels
[AI] updated img_id=5 -> YES conf=0.64 reason=YES: matched=1 >= 1, conf>=0.45
[AI] done img_id=5, result=YES, conf=0.64
[PC] END_HANDSHAKE RX: b'\xaaU\x01\x01\x04\x00\x01\x00\x00\x00?\xb0\xc2ddU\xaa'
[PC][END] RX REQ seq=4 -> TX b'\xaaU\x01\x02\x04\x00\x03\x00\x00\x00YES#w@\xe3U\xaa' (conf=0.64, last_img_id=5, cache_img_id=5)
[PC] END_HANDSHAKE RX: b'TX_DONE\r\n'
[ACCOUNT] MCU account missing
[PC] TX_DONE received
[PC] DONE_ACK sent
[PC] Transfer ended, waiting for next STANDBY...
[PC] Waiting for MCU STANDBY...
[PC] HANDSHAKE RX: b'STANDBY\r\n'
[PC] STANDBY received
[PC] READY sent
[PC] Start receiving one image...
[PC] RX bytes=4096, buffer=4096
[PC] RX bytes=4096, buffer=4314
[PC] RX bytes=4096, buffer=4255
[PC] RX bytes=4096, buffer=4196
[PC] RX bytes=4096, buffer=4137
[PC] RX bytes=4096, buffer=4355
[PC] RX bytes=4096, buffer=4296
[PC] RX bytes=4096, buffer=4237
[PC] RX bytes=4096, buffer=4178
[PC] RX bytes=4096, buffer=4119
[PC] RX bytes=4096, buffer=4337
[PC] RX bytes=3084, buffer=3266
[PC] IMAGE COMPLETE: img_id=6, chunks=173, bytes=44247
[PC] image reassembled, save disabled
[PC_ACCOUNT] img_id=6 pc_received_len=44247 saved_file_size=DISABLED
[AI] enqueued img_id=6, bytes=44247[AI] start img_id=6, bytes=44247

[PC] Waiting for TX_DONE...
[PC][END] RX REQ seq=5 -> TX b'\xaaU\x01\x02\x05\x00\x04\x00\x00\x00BUSY6D\x0f\xf9U\xaa' (conf=0.64, last_img_id=6, cache_img_id=5)
Results saved to [1mC:\Users\linzh\Desktop\Final_Project\Ai_module\ai_outputs\uart_ai_predict[0m
508 labels saved to C:\Users\linzh\Desktop\Final_Project\Ai_module\ai_outputs\uart_ai_predict\labels
[AI] updated img_id=6 -> YES conf=0.62 reason=YES: matched=1 >= 1, conf>=0.45
[AI] done img_id=6, result=YES, conf=0.62
[PC] END_HANDSHAKE RX: b'\xaaU\x01\x01\x05\x00\x01\x00\x00\x00?\xb0\xc2ddU\xaa'
[PC][END] RX REQ seq=5 -> TX b'\xaaU\x01\x02\x05\x00\x03\x00\x00\x00YES#w@\xe3U\xaa' (conf=0.62, last_img_id=6, cache_img_id=6)
[PC] END_HANDSHAKE RX: b'TX_DONE\r\n'
[ACCOUNT] MCU account missing
[PC] TX_DONE received
[PC] DONE_ACK sent
[PC] Transfer ended, waiting for next STANDBY...
[PC] Waiting for MCU STANDBY...
[PC] HANDSHAKE RX: b'STANDBY\r\n'
[PC] STANDBY received
[PC] READY sent
[PC] Start receiving one image...
[PC] RX bytes=4096, buffer=4096
[PC] RX bytes=4096, buffer=4314
[PC] RX bytes=4096, buffer=4255
[PC] RX bytes=4096, buffer=4196
[PC] RX bytes=4096, buffer=4137
[PC] RX bytes=4096, buffer=4355
[PC] RX bytes=4096, buffer=4296
[PC] RX bytes=4096, buffer=4237
[PC] RX bytes=4096, buffer=4178
[PC] RX bytes=4096, buffer=4119
[PC] RX bytes=4096, buffer=4337
[PC] RX bytes=4096, buffer=4278
[PC] RX bytes=271, buffer=394
[PC] IMAGE COMPLETE: img_id=7, chunks=178, bytes=45425
[PC] image reassembled, save disabled
[PC_ACCOUNT] img_id=7 pc_received_len=45425 saved_file_size=DISABLED
[AI] enqueued img_id=7, bytes=45425[AI] start img_id=7, bytes=45425

[PC] Waiting for TX_DONE...
[PC][END] RX REQ seq=6 -> TX b'\xaaU\x01\x02\x06\x00\x04\x00\x00\x00BUSY6D\x0f\xf9U\xaa' (conf=0.62, last_img_id=7, cache_img_id=6)
Results saved to [1mC:\Users\linzh\Desktop\Final_Project\Ai_module\ai_outputs\uart_ai_predict[0m
509 labels saved to C:\Users\linzh\Desktop\Final_Project\Ai_module\ai_outputs\uart_ai_predict\labels
[AI] updated img_id=7 -> YES conf=0.48 reason=YES: matched=1 >= 1, conf>=0.45
[AI] done img_id=7, result=YES, conf=0.48
[PC] END_HANDSHAKE RX: b'\xaaU\x01\x01\x06\x00\x01\x00\x00\x00?\xb0\xc2ddU\xaa'
[PC][END] RX REQ seq=6 -> TX b'\xaaU\x01\x02\x06\x00\x03\x00\x00\x00YES#w@\xe3U\xaa' (conf=0.48, last_img_id=7, cache_img_id=7)
[PC] END_HANDSHAKE RX: b'TX_DONE\r\n'
[ACCOUNT] MCU account missing
[PC] TX_DONE received
[PC] DONE_ACK sent
[PC] Transfer ended, waiting for next STANDBY...
[PC] Waiting for MCU STANDBY...
[PC] HANDSHAKE RX: b'STANDBY\r\n'
[PC] STANDBY received
[PC] READY sent
[PC] Start receiving one image...
[PC] RX bytes=4096, buffer=4096
[PC] RX bytes=4096, buffer=4314
[PC] RX bytes=4096, buffer=4255
[PC] RX bytes=4096, buffer=4196
[PC] RX bytes=4096, buffer=4137
[PC] RX bytes=4096, buffer=4355
[PC] RX bytes=4096, buffer=4296
[PC] RX bytes=4096, buffer=4237
[PC] RX bytes=4096, buffer=4178
[PC] RX bytes=4096, buffer=4119
[PC] RX bytes=4096, buffer=4337
[PC] RX bytes=4096, buffer=4278
[PC] RX bytes=534, buffer=657
[PC] IMAGE COMPLETE: img_id=8, chunks=179, bytes=45667
[PC] image reassembled, save disabled
[PC_ACCOUNT] img_id=8 pc_received_len=45667 saved_file_size=DISABLED
[AI] enqueued img_id=8, bytes=45667[AI] start img_id=8, bytes=45667

[PC] Waiting for TX_DONE...
[PC][END] RX REQ seq=7 -> TX b'\xaaU\x01\x02\x07\x00\x04\x00\x00\x00BUSY6D\x0f\xf9U\xaa' (conf=0.48, last_img_id=8, cache_img_id=7)
Results saved to [1mC:\Users\linzh\Desktop\Final_Project\Ai_module\ai_outputs\uart_ai_predict[0m
510 labels saved to C:\Users\linzh\Desktop\Final_Project\Ai_module\ai_outputs\uart_ai_predict\labels
[AI] updated img_id=8 -> YES conf=0.57 reason=YES: matched=1 >= 1, conf>=0.45
[AI] done img_id=8, result=YES, conf=0.57
[PC] END_HANDSHAKE RX: b'\xaaU\x01\x01\x07\x00\x01\x00\x00\x00?\xb0\xc2ddU\xaa'
[PC][END] RX REQ seq=7 -> TX b'\xaaU\x01\x02\x07\x00\x03\x00\x00\x00YES#w@\xe3U\xaa' (conf=0.57, last_img_id=8, cache_img_id=8)
[PC] END_HANDSHAKE RX: b'TX_DONE\r\n'
[ACCOUNT] MCU account missing
[PC] TX_DONE received
[PC] DONE_ACK sent
[PC] Transfer ended, waiting for next STANDBY...
[PC] Waiting for MCU STANDBY...
[PC] Serial disconnected or unavailable: SerialException: ClearCommError failed (PermissionError(13, '拒绝访问。', None, 5))
[PC] Experiment session ended; full log has been saved
[PC] Serial closed
