[LOG] Session log: C:\Users\linzh\Desktop\Final_Project\Communication_module\session_logs\pc_uart_ai_session_20260604_154706.log
[PC] Python executable: C:\Users\linzh\yolo_mvp\venv\Scripts\python.exe
[AI] importing modules... please wait
[AI] import finished in 3.5s
[AI] loading model... please wait
[AI] loaded model in 0.0s: C:\Users\linzh\Desktop\Final_Project\runs_mvp\insect_det_v7_mvp3\weights\best.pt
[PC] Auto selected serial port: COM9
[PC] Opened COM9 @ 115200
[PC] Save dir: C:\Users\linzh\Desktop\Final_Project\Communication_module\reassembled_output
[PC] Waiting for MCU STANDBY...
[PC] HANDSHAKE RX: b'STANDBY\r\n'
[PC] STANDBY received
[PC] READY sent
[PC] Start receiving one image...
[PC] RX bytes=4096, buffer=4096
[PC] RX bytes=4096, buffer=4314
[PC] RX bytes=4096, buffer=4255
[PC] RX bytes=4096, buffer=4196
[PC] RX bytes=4096, buffer=4137
[PC] RX bytes=4096, buffer=4355
[PC] RX bytes=4096, buffer=4296
[PC] RX bytes=4096, buffer=4237
[PC] RX bytes=4096, buffer=4178
[PC] RX bytes=4096, buffer=4119
[PC] RX bytes=1163, buffer=1404
[PC] IMAGE COMPLETE: img_id=1, chunks=152, bytes=38671
[PC] image reassembled, save disabled
[PC_ACCOUNT] img_id=1 pc_received_len=38671 saved_file_size=DISABLED
[AI] enqueued img_id=1, bytes=38671[AI] start img_id=1, bytes=38671

[PC] Waiting for TX_DONE...
[PC][END] RX REQ seq=0 -> TX b'\xaaU\x01\x02\x00\x00\x04\x00\x00\x00BUSY6D\x0f\xf9U\xaa' (conf=0.00, last_img_id=1, cache_img_id=None)
[PC] END_HANDSHAKE RX: b'\xaaU\x01\x01\x00\x00\x01\x00\x00\x00?\xb0\xc2ddU\xaa'
[PC][END] RX REQ seq=0 -> TX b'\xaaU\x01\x02\x00\x00\x04\x00\x00\x00BUSY6D\x0f\xf9U\xaa' (conf=0.00, last_img_id=1, cache_img_id=None)
[PC] END_HANDSHAKE RX: b'\xaaU\x01\x01\x00\x00\x01\x00\x00\x00?\xb0\xc2ddU\xaa'
[PC][END] RX REQ seq=0 -> TX b'\xaaU\x01\x02\x00\x00\x04\x00\x00\x00BUSY6D\x0f\xf9U\xaa' (conf=0.00, last_img_id=1, cache_img_id=None)
[PC] END_HANDSHAKE RX: b'\xaaU\x01\x01\x00\x00\x01\x00\x00\x00?\xb0\xc2ddU\xaa'
Results saved to [1mC:\Users\linzh\Desktop\Final_Project\Ai_module\ai_outputs\uart_ai_predict[0m
23 labels saved to C:\Users\linzh\Desktop\Final_Project\Ai_module\ai_outputs\uart_ai_predict\labels
[AI] updated img_id=1 -> YES conf=0.59 reason=YES: matched=1 >= 1, conf>=0.45
[AI] done img_id=1, result=YES, conf=0.59
[PC][END] RX REQ seq=0 -> TX b'\xaaU\x01\x02\x00\x00\x03\x00\x00\x00YES#w@\xe3U\xaa' (conf=0.59, last_img_id=1, cache_img_id=1)
[PC] END_HANDSHAKE RX: b'TX_DONE\r\n'
[ACCOUNT] MCU account missing
[PC] TX_DONE received
[PC] DONE_ACK sent
[PC] Transfer ended, waiting for next STANDBY...
[PC] Waiting for MCU STANDBY...
[PC] HANDSHAKE RX: b'STANDBY\r\n'
[PC] STANDBY received
[PC] READY sent
[PC] Start receiving one image...
[PC] RX bytes=4096, buffer=4096
[PC] RX bytes=4096, buffer=4314
[PC] RX bytes=4096, buffer=4255
[PC] RX bytes=4096, buffer=4196
[PC] RX bytes=4096, buffer=4137
[PC] RX bytes=4096, buffer=4355
[PC] RX bytes=4096, buffer=4296
[PC] RX bytes=4096, buffer=4237
[PC] RX bytes=4096, buffer=4178
[PC] RX bytes=4096, buffer=4119
[PC] RX bytes=3237, buffer=3478
[PC] IMAGE COMPLETE: img_id=2, chunks=159, bytes=40598
[PC] image reassembled, save disabled
[PC_ACCOUNT] img_id=2 pc_received_len=40598 saved_file_size=DISABLED
[AI] enqueued img_id=2, bytes=40598[AI] start img_id=2, bytes=40598

[PC] Waiting for TX_DONE...
[PC][END] RX REQ seq=1 -> TX b'\xaaU\x01\x02\x01\x00\x04\x00\x00\x00BUSY6D\x0f\xf9U\xaa' (conf=0.59, last_img_id=2, cache_img_id=1)
Results saved to [1mC:\Users\linzh\Desktop\Final_Project\Ai_module\ai_outputs\uart_ai_predict[0m
24 labels saved to C:\Users\linzh\Desktop\Final_Project\Ai_module\ai_outputs\uart_ai_predict\labels
[AI] updated img_id=2 -> YES conf=0.50 reason=YES: matched=1 >= 1, conf>=0.45
[AI] done img_id=2, result=YES, conf=0.50
[PC] END_HANDSHAKE RX: b'\xaaU\x01\x01\x01\x00\x01\x00\x00\x00?\xb0\xc2ddU\xaa'
[PC][END] RX REQ seq=1 -> TX b'\xaaU\x01\x02\x01\x00\x03\x00\x00\x00YES#w@\xe3U\xaa' (conf=0.50, last_img_id=2, cache_img_id=2)
[PC] END_HANDSHAKE RX: b'TX_DONE\r\n'
[ACCOUNT] MCU account missing
[PC] TX_DONE received
[PC] DONE_ACK sent
[PC] Transfer ended, waiting for next STANDBY...
[PC] Waiting for MCU STANDBY...
[PC] HANDSHAKE RX: b'STANDBY\r\n'
[PC] STANDBY received
[PC] READY sent
[PC] Start receiving one image...
[PC] RX bytes=4096, buffer=4096
[PC] RX bytes=4096, buffer=4314
[PC] RX bytes=4096, buffer=4255
[PC] RX bytes=4096, buffer=4196
[PC] RX bytes=4096, buffer=4137
[PC] RX bytes=4096, buffer=4355
[PC] RX bytes=4096, buffer=4296
[PC] RX bytes=4096, buffer=4237
[PC] RX bytes=4096, buffer=4178
[PC] RX bytes=4096, buffer=4119
[PC] RX bytes=924, buffer=1165
[PC] IMAGE COMPLETE: img_id=3, chunks=151, bytes=38453
[PC] image reassembled, save disabled
[PC_ACCOUNT] img_id=3 pc_received_len=38453 saved_file_size=DISABLED
[AI] enqueued img_id=3, bytes=38453[AI] start img_id=3, bytes=38453

[PC] Waiting for TX_DONE...
[PC][END] RX REQ seq=2 -> TX b'\xaaU\x01\x02\x02\x00\x04\x00\x00\x00BUSY6D\x0f\xf9U\xaa' (conf=0.50, last_img_id=3, cache_img_id=2)
Results saved to [1mC:\Users\linzh\Desktop\Final_Project\Ai_module\ai_outputs\uart_ai_predict[0m
24 labels saved to C:\Users\linzh\Desktop\Final_Project\Ai_module\ai_outputs\uart_ai_predict\labels
[AI] updated img_id=3 -> NO conf=0.00 reason=NO: matched=0 < 1, max_conf=0.000, conf>=0.45
[AI] done img_id=3, result=NO, conf=0.00
[PC] END_HANDSHAKE RX: b'\xaaU\x01\x01\x02\x00\x01\x00\x00\x00?\xb0\xc2ddU\xaa'
[PC][END] RX REQ seq=2 -> TX b'\xaaU\x01\x02\x02\x00\x03\x00\x00\x00NO!L:\xcd\xbeU\xaa' (conf=0.00, last_img_id=3, cache_img_id=3)
[PC] END_HANDSHAKE RX: b'TX_DONE\r\n'
[ACCOUNT] MCU account missing
[PC] TX_DONE received
[PC] DONE_ACK sent
[PC] Transfer ended, waiting for next STANDBY...
[PC] Waiting for MCU STANDBY...
[PC] HANDSHAKE RX: b'STANDBY\r\n'
[PC] STANDBY received
[PC] READY sent
[PC] Start receiving one image...
[PC] RX bytes=4096, buffer=4096
[PC] RX bytes=4096, buffer=4314
[PC] RX bytes=4096, buffer=4255
[PC] RX bytes=4096, buffer=4196
[PC] RX bytes=4096, buffer=4137
[PC] RX bytes=4096, buffer=4355
[PC] RX bytes=4096, buffer=4296
[PC] RX bytes=4096, buffer=4237
[PC] RX bytes=4096, buffer=4178
[PC] RX bytes=4096, buffer=4119
[PC] RX bytes=1230, buffer=1471
[PC] IMAGE COMPLETE: img_id=4, chunks=152, bytes=38738
[PC] image reassembled, save disabled
[PC_ACCOUNT] img_id=4 pc_received_len=38738 saved_file_size=DISABLED
[AI] enqueued img_id=4, bytes=38738[AI] start img_id=4, bytes=38738

[PC] Waiting for TX_DONE...
[PC][END] RX REQ seq=3 -> TX b'\xaaU\x01\x02\x03\x00\x04\x00\x00\x00BUSY6D\x0f\xf9U\xaa' (conf=0.00, last_img_id=4, cache_img_id=3)
Results saved to [1mC:\Users\linzh\Desktop\Final_Project\Ai_module\ai_outputs\uart_ai_predict[0m
24 labels saved to C:\Users\linzh\Desktop\Final_Project\Ai_module\ai_outputs\uart_ai_predict\labels
[AI] updated img_id=4 -> NO conf=0.00 reason=NO: matched=0 < 1, max_conf=0.000, conf>=0.45
[AI] done img_id=4, result=NO, conf=0.00
[PC] END_HANDSHAKE RX: b'\xaaU\x01\x01\x03\x00\x01\x00\x00\x00?\xb0\xc2ddU\xaa'
[PC][END] RX REQ seq=3 -> TX b'\xaaU\x01\x02\x03\x00\x03\x00\x00\x00NO!L:\xcd\xbeU\xaa' (conf=0.00, last_img_id=4, cache_img_id=4)
[PC] END_HANDSHAKE RX: b'TX_DONE\r\n'
[ACCOUNT] MCU account missing
[PC] TX_DONE received
[PC] DONE_ACK sent
[PC] Transfer ended, waiting for next STANDBY...
[PC] Waiting for MCU STANDBY...
[PC] HANDSHAKE RX: b'STANDBY\r\n'
[PC] STANDBY received
[PC] READY sent
[PC] Start receiving one image...
[PC] RX bytes=4096, buffer=4096
[PC] RX bytes=4096, buffer=4314
[PC] RX bytes=4096, buffer=4255
[PC] RX bytes=4096, buffer=4196
[PC] RX bytes=4096, buffer=4137
[PC] RX bytes=4096, buffer=4355
[PC] RX bytes=4096, buffer=4296
[PC] RX bytes=4096, buffer=4237
[PC] RX bytes=4096, buffer=4178
[PC] RX bytes=4096, buffer=4119
[PC] RX bytes=3233, buffer=3474
[PC] IMAGE COMPLETE: img_id=5, chunks=159, bytes=40594
[PC] image reassembled, save disabled
[PC_ACCOUNT] img_id=5 pc_received_len=40594 saved_file_size=DISABLED
[AI] enqueued img_id=5, bytes=40594[AI] start img_id=5, bytes=40594

[PC] Waiting for TX_DONE...
[PC][END] RX REQ seq=4 -> TX b'\xaaU\x01\x02\x04\x00\x04\x00\x00\x00BUSY6D\x0f\xf9U\xaa' (conf=0.00, last_img_id=5, cache_img_id=4)
Results saved to [1mC:\Users\linzh\Desktop\Final_Project\Ai_module\ai_outputs\uart_ai_predict[0m
25 labels saved to C:\Users\linzh\Desktop\Final_Project\Ai_module\ai_outputs\uart_ai_predict\labels
[AI] updated img_id=5 -> YES conf=0.62 reason=YES: matched=2 >= 1, conf>=0.45
[AI] done img_id=5, result=YES, conf=0.62
[PC] END_HANDSHAKE RX: b'\xaaU\x01\x01\x04\x00\x01\x00\x00\x00?\xb0\xc2ddU\xaa'
[PC][END] RX REQ seq=4 -> TX b'\xaaU\x01\x02\x04\x00\x03\x00\x00\x00YES#w@\xe3U\xaa' (conf=0.62, last_img_id=5, cache_img_id=5)
[PC] END_HANDSHAKE RX: b'TX_DONE\r\n'
[ACCOUNT] MCU account missing
[PC] TX_DONE received
[PC] DONE_ACK sent
[PC] Transfer ended, waiting for next STANDBY...
[PC] Waiting for MCU STANDBY...
[PC] HANDSHAKE RX: b'STANDBY\r\n'
[PC] STANDBY received
[PC] READY sent
[PC] Start receiving one image...
[PC] RX bytes=4096, buffer=4096
[PC] RX bytes=4096, buffer=4314
[PC] RX bytes=4096, buffer=4255
[PC] RX bytes=4096, buffer=4196
[PC] RX bytes=4096, buffer=4137
[PC] RX bytes=4096, buffer=4355
[PC] RX bytes=4096, buffer=4296
[PC] RX bytes=4096, buffer=4237
[PC] RX bytes=4096, buffer=4178
[PC] RX bytes=4096, buffer=4119
[PC] RX bytes=3060, buffer=3301
[PC] IMAGE COMPLETE: img_id=6, chunks=158, bytes=40442
[PC] image reassembled, save disabled
[PC_ACCOUNT] img_id=6 pc_received_len=40442 saved_file_size=DISABLED
[AI] enqueued img_id=6, bytes=40442[AI] start img_id=6, bytes=40442

[PC] Waiting for TX_DONE...
[PC][END] RX REQ seq=5 -> TX b'\xaaU\x01\x02\x05\x00\x04\x00\x00\x00BUSY6D\x0f\xf9U\xaa' (conf=0.62, last_img_id=6, cache_img_id=5)
Results saved to [1mC:\Users\linzh\Desktop\Final_Project\Ai_module\ai_outputs\uart_ai_predict[0m
25 labels saved to C:\Users\linzh\Desktop\Final_Project\Ai_module\ai_outputs\uart_ai_predict\labels
[AI] updated img_id=6 -> NO conf=0.00 reason=NO: matched=0 < 1, max_conf=0.000, conf>=0.45
[AI] done img_id=6, result=NO, conf=0.00
[PC] END_HANDSHAKE RX: b'\xaaU\x01\x01\x05\x00\x01\x00\x00\x00?\xb0\xc2ddU\xaa'
[PC][END] RX REQ seq=5 -> TX b'\xaaU\x01\x02\x05\x00\x03\x00\x00\x00NO!L:\xcd\xbeU\xaa' (conf=0.00, last_img_id=6, cache_img_id=6)
[PC] END_HANDSHAKE RX: b'TX_DONE\r\n'
[ACCOUNT] MCU account missing
[PC] TX_DONE received
[PC] DONE_ACK sent
[PC] Transfer ended, waiting for next STANDBY...
[PC] Waiting for MCU STANDBY...
[PC] HANDSHAKE RX: b'STANDBY\r\n'
[PC] STANDBY received
[PC] READY sent
[PC] Start receiving one image...
[PC] RX bytes=4096, buffer=4096
[PC] RX bytes=4096, buffer=4314
[PC] RX bytes=4096, buffer=4255
[PC] RX bytes=4096, buffer=4196
[PC] RX bytes=4096, buffer=4137
[PC] RX bytes=4096, buffer=4355
[PC] RX bytes=4096, buffer=4296
[PC] RX bytes=4096, buffer=4237
[PC] RX bytes=4096, buffer=4178
[PC] RX bytes=4096, buffer=4119
[PC] RX bytes=2935, buffer=3176
[PC] IMAGE COMPLETE: img_id=7, chunks=158, bytes=40317
[PC] image reassembled, save disabled
[PC_ACCOUNT] img_id=7 pc_received_len=40317 saved_file_size=DISABLED
[AI] enqueued img_id=7, bytes=40317[AI] start img_id=7, bytes=40317

[PC] Waiting for TX_DONE...
[PC][END] RX REQ seq=6 -> TX b'\xaaU\x01\x02\x06\x00\x04\x00\x00\x00BUSY6D\x0f\xf9U\xaa' (conf=0.00, last_img_id=7, cache_img_id=6)
Results saved to [1mC:\Users\linzh\Desktop\Final_Project\Ai_module\ai_outputs\uart_ai_predict[0m
26 labels saved to C:\Users\linzh\Desktop\Final_Project\Ai_module\ai_outputs\uart_ai_predict\labels
[AI] updated img_id=7 -> YES conf=0.48 reason=YES: matched=1 >= 1, conf>=0.45
[AI] done img_id=7, result=YES, conf=0.48
[PC] END_HANDSHAKE RX: b'\xaaU\x01\x01\x06\x00\x01\x00\x00\x00?\xb0\xc2ddU\xaa'
[PC][END] RX REQ seq=6 -> TX b'\xaaU\x01\x02\x06\x00\x03\x00\x00\x00YES#w@\xe3U\xaa' (conf=0.48, last_img_id=7, cache_img_id=7)
[PC] END_HANDSHAKE RX: b'TX_DONE\r\n'
[ACCOUNT] MCU account missing
[PC] TX_DONE received
[PC] DONE_ACK sent
[PC] Transfer ended, waiting for next STANDBY...
[PC] Waiting for MCU STANDBY...
[PC] HANDSHAKE RX: b'STANDBY\r\n'
[PC] STANDBY received
[PC] READY sent
[PC] Start receiving one image...
[PC] RX bytes=4096, buffer=4096
[PC] RX bytes=4096, buffer=4314
[PC] RX bytes=4096, buffer=4255
[PC] RX bytes=4096, buffer=4196
[PC] RX bytes=4096, buffer=4137
[PC] RX bytes=4096, buffer=4355
[PC] RX bytes=4096, buffer=4296
[PC] RX bytes=4096, buffer=4237
[PC] RX bytes=4096, buffer=4178
[PC] RX bytes=4096, buffer=4119
[PC] RX bytes=4096, buffer=4337
[PC] RX bytes=1136, buffer=1318
[PC] IMAGE COMPLETE: img_id=8, chunks=166, bytes=42446
[PC] image reassembled, save disabled
[PC_ACCOUNT] img_id=8 pc_received_len=42446 saved_file_size=DISABLED
[AI] enqueued img_id=8, bytes=42446[AI] start img_id=8, bytes=42446

[PC] Waiting for TX_DONE...
[PC][END] RX REQ seq=7 -> TX b'\xaaU\x01\x02\x07\x00\x04\x00\x00\x00BUSY6D\x0f\xf9U\xaa' (conf=0.48, last_img_id=8, cache_img_id=7)
Results saved to [1mC:\Users\linzh\Desktop\Final_Project\Ai_module\ai_outputs\uart_ai_predict[0m
27 labels saved to C:\Users\linzh\Desktop\Final_Project\Ai_module\ai_outputs\uart_ai_predict\labels
[AI] updated img_id=8 -> YES conf=0.63 reason=YES: matched=2 >= 1, conf>=0.45
[AI] done img_id=8, result=YES, conf=0.63
[PC] END_HANDSHAKE RX: b'\xaaU\x01\x01\x07\x00\x01\x00\x00\x00?\xb0\xc2ddU\xaa'
[PC][END] RX REQ seq=7 -> TX b'\xaaU\x01\x02\x07\x00\x03\x00\x00\x00YES#w@\xe3U\xaa' (conf=0.63, last_img_id=8, cache_img_id=8)
[PC] END_HANDSHAKE RX: b'TX_DONE\r\n'
[ACCOUNT] MCU account missing
[PC] TX_DONE received
[PC] DONE_ACK sent
[PC] Transfer ended, waiting for next STANDBY...
[PC] Waiting for MCU STANDBY...
[PC] Serial disconnected or unavailable: SerialException: ClearCommError failed (PermissionError(13, '拒绝访问。', None, 5))
[PC] Experiment session ended; full log has been saved
[PC] Serial closed
